Unable to capture context for thread 672 in process 8012, can not generate back trace
Unable to capture context for thread 6024 in process 8012, can not generate back trace
Unable to capture context for thread 8272 in process 8012, can not generate back trace
Exception at PC 0x00007FFA21F0BB93
Printing stacktrace...

Unable to capture context for thread 8272 in process 8012, can not generate back trace
Exception at PC 0x00007FFA88347788
Exception at PC 0x00007FFA88347788
Exception at PC 0x00007FFA88347788
Exception at PC 0x00007FFA88347788
Exception at PC 0x00007FFA88347788
Exception at PC 0x00007FFA88347788
Exception at PC 0x00007FFA88347788
Exception at PC 0x00007FFA88347788
Exception at PC 0x00007FFA88347788
Exception at PC 0x00007FFA88347788
Exception at PC 0x00007FFA88347788
Exception at PC 0x00007FFA88347788
Exception at PC 0x00007FFA88347788
Exception at PC 0x00007FFA88347788
Exception at PC 0x00007FFA88347788
Exception at PC 0x00007FFA88347788
Exception at PC 0x00007FFA88347788
Exception at PC 0x00007FFA88347788
[0]  [0x00007FFA21F0BB93]
[1]  [0x00007FFA21F0BB93]
[2]  [0x00007FFA21F0B4A1]
[3]  [0x00007FFA21F0B3EF]
[4]  [0x00007FFA21EF19FE]
[5]  [0x00007FFA21EF0ED1]
[6]  [0x00007FFA21EF0D76]
[7]  [0x00007FFA21E979F6]
[8]  [0x00007FFA21E87AFB]
[9]  [0x00007FFA21FAE90A]
[10]  [0x00007FFA21FC9F87]
[11]  [0x00007FFA21FCA05F]
[12] (BaseThreadInitThunk+0x14) [0x00007FFA8A7F8364]
[13] (RtlUserThreadStart+0x21) [0x00007FFA8B2C70D1]
Done
Exception at PC 0x00007FFA21C11A52
Attemped to write at address 0x00007FFA5CFA9BA4
Printing stacktrace...

[0]  [0x00007FFA21C11A52]
[1]  [0x00007FFA21C11A52]
[2]  [0x00007FFA21C11AD4]
[3]  [0x00007FFA21D53FF7]
[4]  [0x00007FFA21C39128]
[5]  [0x00007FFA21EEDFB9]
[6]  [0x00007FFA220BEF23]
[7]  [0x00007FFA21FCB06B]
[8]  [0x00007FFA21FC08AF]
[9]  [0x00007FFA21FC0A32]
[10] (RtlDeactivateActivationContextUnsafeFast+0x1bf) [0x00007FFA8B28A35F]
[11] (LdrShutdownProcess+0x14b) [0x00007FFA8B26806B]
[12] (RtlExitUserProcess+0xb4) [0x00007FFA8B267D94]
[13] (ExitProcess+0xa) [0x00007FFA8A80CE6A]
[14] (exit+0x85) [0x00007FFA8879A4A5]
[15] (initterm_e+0x231) [0x00007FFA8879AB01]
[16]  [0x00000000004014CD]
[17]  [0x000000000040151B]
[18] (BaseThreadInitThunk+0x14) [0x00007FFA8A7F8364]
[19] (RtlUserThreadStart+0x21) [0x00007FFA8B2C70D1]
Done
