Unable to capture context for thread 12660 in process 4120, can not generate back trace
Unable to capture context for thread 5336 in process 4120, can not generate back trace
Exception at PC 0x00007FFA88347788
Unable to capture context for thread 924 in process 4120, can not generate back trace
Unable to capture context for thread 9820 in process 4120, can not generate back trace
Unable to capture context for thread 12136 in process 4120, can not generate back trace
Exception at PC 0x00007FFA1840BB93
Printing stacktrace...

Unable to capture context for thread 924 in process 4120, can not generate back trace
Unable to capture context for thread 9820 in process 4120, can not generate back trace
Unable to capture context for thread 12136 in process 4120, can not generate back trace
Exception at PC 0x00007FFA88347788
Exception at PC 0x00007FFA88347788
Exception at PC 0x00007FFA88347788
Exception at PC 0x00007FFA88347788
Exception at PC 0x00007FFA88347788
Exception at PC 0x00007FFA88347788
Exception at PC 0x00007FFA88347788
Exception at PC 0x00007FFA88347788
Exception at PC 0x00007FFA88347788
Exception at PC 0x00007FFA88347788
Exception at PC 0x00007FFA88347788
Exception at PC 0x00007FFA88347788
Exception at PC 0x00007FFA88347788
Exception at PC 0x00007FFA88347788
Exception at PC 0x00007FFA88347788
Exception at PC 0x00007FFA88347788
[0]  [0x00007FFA1840BB93]
[1]  [0x00007FFA1840BB93]
[2]  [0x00007FFA1840B4A1]
[3]  [0x00007FFA1840B3EF]
[4]  [0x00007FFA183F19FE]
[5]  [0x00007FFA183F0ED1]
[6]  [0x00007FFA183F0D76]
[7]  [0x00007FFA183979F6]
[8]  [0x00007FFA18387AFB]
[9]  [0x00007FFA184AE90A]
[10]  [0x00007FFA184C9F87]
[11]  [0x00007FFA184CA05F]
[12] (BaseThreadInitThunk+0x14) [0x00007FFA8A7F8364]
[13] (RtlUserThreadStart+0x21) [0x00007FFA8B2C70D1]
Done
Exception at PC 0x00007FFA88347788
Exception at PC 0x00007FFA18111A52
Attemped to write at address 0x00007FFA5CFA9BA4
Printing stacktrace...

[0]  [0x00007FFA18111A52]
[1]  [0x00007FFA18111A52]
[2]  [0x00007FFA18111AD4]
[3]  [0x00007FFA18253FF7]
[4]  [0x00007FFA18139128]
[5]  [0x00007FFA183EDFB9]
[6]  [0x00007FFA185BEF23]
[7]  [0x00007FFA184CB06B]
[8]  [0x00007FFA184C08AF]
[9]  [0x00007FFA184C0A32]
[10] (RtlDeactivateActivationContextUnsafeFast+0x1bf) [0x00007FFA8B28A35F]
[11] (LdrShutdownProcess+0x14b) [0x00007FFA8B26806B]
[12] (RtlExitUserProcess+0xb4) [0x00007FFA8B267D94]
[13] (ExitProcess+0xa) [0x00007FFA8A80CE6A]
[14] (exit+0x85) [0x00007FFA8879A4A5]
[15] (initterm_e+0x231) [0x00007FFA8879AB01]
[16]  [0x00000000004014CD]
[17]  [0x000000000040151B]
[18] (BaseThreadInitThunk+0x14) [0x00007FFA8A7F8364]
[19] (RtlUserThreadStart+0x21) [0x00007FFA8B2C70D1]
Done
