Unable to capture context for thread 8560 in process 10084, can not generate back trace
Unable to capture context for thread 9972 in process 10084, can not generate back trace
Unable to capture context for thread 9808 in process 10084, can not generate back trace
Unable to capture context for thread 10732 in process 10084, can not generate back trace
Unable to capture context for thread 6184 in process 10084, can not generate back trace
Unable to capture context for thread 1236 in process 10084, can not generate back trace
Unable to capture context for thread 9008 in process 10084, can not generate back trace
Unable to capture context for thread 10144 in process 10084, can not generate back trace
Exception at PC 0x00007FFE6BA17788
Unable to capture context for thread 13096 in process 10084, can not generate back trace
Unable to capture context for thread 12592 in process 10084, can not generate back trace
Unable to capture context for thread 10356 in process 10084, can not generate back trace
Exception at PC 0x00007FFE6BA17788
Unable to capture context for thread 13096 in process 10084, can not generate back trace
Unable to capture context for thread 12592 in process 10084, can not generate back trace
Unable to capture context for thread 10356 in process 10084, can not generate back trace
Exception at PC 0x00007FFDF76CBB93
Printing stacktrace...

Exception at PC 0x00007FFE6BA17788
Exception at PC 0x00007FFE6BA17788
Exception at PC 0x00007FFE6BA17788
Exception at PC 0x00007FFE6BA17788
Exception at PC 0x00007FFE6BA17788
Exception at PC 0x00007FFE6BA17788
Exception at PC 0x00007FFE6BA17788
Exception at PC 0x00007FFE6BA17788
Exception at PC 0x00007FFE6BA17788
Exception at PC 0x00007FFE6BA17788
Exception at PC 0x00007FFE6BA17788
Exception at PC 0x00007FFE6BA17788
Exception at PC 0x00007FFE6BA17788
Exception at PC 0x00007FFE6BA17788
[0]  [0x00007FFDF76CBB93]
[1]  [0x00007FFDF76CBB93]
[2]  [0x00007FFDF76CB4A1]
[3]  [0x00007FFDF76CB3EF]
[4]  [0x00007FFDF76B19FE]
[5]  [0x00007FFDF76B0ED1]
[6]  [0x00007FFDF76B0D76]
[7]  [0x00007FFDF76579F6]
[8]  [0x00007FFDF7647AFB]
[9]  [0x00007FFDF776E90A]
[10]  [0x00007FFDF7789F87]
[11]  [0x00007FFDF778A05F]
[12] (BaseThreadInitThunk+0x14) [0x00007FFE6C478364]
[13] (RtlUserThreadStart+0x21) [0x00007FFE6EC270D1]
Done
Exception at PC 0x00007FFE6BA17788
Exception at PC 0x00007FFE6BA17788
Exception at PC 0x00007FFDF73D1A52
Attemped to write at address 0x00007FFE32119BA4
Printing stacktrace...

[0]  [0x00007FFDF73D1A52]
[1]  [0x00007FFDF73D1A52]
[2]  [0x00007FFDF73D1AD4]
[3]  [0x00007FFDF7513FF7]
[4]  [0x00007FFDF73F9128]
[5]  [0x00007FFDF76ADFB9]
[6]  [0x00007FFDF787EF23]
[7]  [0x00007FFDF778B06B]
[8]  [0x00007FFDF77808AF]
[9]  [0x00007FFDF7780A32]
[10] (RtlDeactivateActivationContextUnsafeFast+0x1bf) [0x00007FFE6EBEA35F]
[11] (LdrShutdownProcess+0x14b) [0x00007FFE6EBC806B]
[12] (RtlExitUserProcess+0xb4) [0x00007FFE6EBC7D94]
[13] (ExitProcess+0xa) [0x00007FFE6C48CE6A]
[14] (exit+0x85) [0x00007FFE6D53A4A5]
[15] (initterm_e+0x231) [0x00007FFE6D53AB01]
[16]  [0x00000000004014CD]
[17]  [0x000000000040151B]
[18] (BaseThreadInitThunk+0x14) [0x00007FFE6C478364]
[19] (RtlUserThreadStart+0x21) [0x00007FFE6EC270D1]
Done
