Unable to capture context for thread 10244 in process 8560, can not generate back trace
Unable to capture context for thread 7288 in process 8560, can not generate back trace
Unable to capture context for thread 4352 in process 8560, can not generate back trace
Unable to capture context for thread 1148 in process 8560, can not generate back trace
Unable to capture context for thread 1112 in process 8560, can not generate back trace
Unable to capture context for thread 8464 in process 8560, can not generate back trace
Unable to capture context for thread 11288 in process 8560, can not generate back trace
Unable to capture context for thread 12720 in process 8560, can not generate back trace
Exception at PC 0x00007FF850837788
Unable to capture context for thread 6680 in process 8560, can not generate back trace
Unable to capture context for thread 212 in process 8560, can not generate back trace
Unable to capture context for thread 11856 in process 8560, can not generate back trace
Exception at PC 0x00007FF850837788
Unable to capture context for thread 6680 in process 8560, can not generate back trace
Unable to capture context for thread 212 in process 8560, can not generate back trace
Unable to capture context for thread 11856 in process 8560, can not generate back trace
Exception at PC 0x00007FFFF137BB93
Printing stacktrace...

Exception at PC 0x00007FF850837788
Exception at PC 0x00007FF850837788
Exception at PC 0x00007FF850837788
Exception at PC 0x00007FF850837788
Exception at PC 0x00007FF850837788
Exception at PC 0x00007FF850837788
Exception at PC 0x00007FF850837788
Exception at PC 0x00007FF850837788
Exception at PC 0x00007FF850837788
Exception at PC 0x00007FF850837788
Exception at PC 0x00007FF850837788
Exception at PC 0x00007FF850837788
Exception at PC 0x00007FF850837788
Exception at PC 0x00007FF850837788
Exception at PC 0x00007FF850837788
[0]  [0x00007FFFF137BB93]
[1]  [0x00007FFFF137BB93]
[2]  [0x00007FFFF137B4A1]
[3]  [0x00007FFFF137B3EF]
[4]  [0x00007FFFF13619FE]
[5]  [0x00007FFFF1360ED1]
[6]  [0x00007FFFF1360D76]
[7]  [0x00007FFFF13079F6]
[8]  [0x00007FFFF12F7AFB]
[9]  [0x00007FFFF141E90A]
[10]  [0x00007FFFF1439F87]
[11]  [0x00007FFFF143A05F]
[12] (BaseThreadInitThunk+0x14) [0x00007FF8516D8364]
[13] (RtlUserThreadStart+0x21) [0x00007FF8541C70D1]
Done
Exception at PC 0x00007FF850837788
Exception at PC 0x00007FFFF1081A52
Attemped to write at address 0x00007FF822F89BA4
Printing stacktrace...

[0]  [0x00007FFFF1081A52]
[1]  [0x00007FFFF1081A52]
[2]  [0x00007FFFF1081AD4]
[3]  [0x00007FFFF11C3FF7]
[4]  [0x00007FFFF10A9128]
[5]  [0x00007FFFF135DFB9]
[6]  [0x00007FFFF152EF23]
[7]  [0x00007FFFF143B06B]
[8]  [0x00007FFFF14308AF]
[9]  [0x00007FFFF1430A32]
[10] (RtlDeactivateActivationContextUnsafeFast+0x1bf) [0x00007FF85418A35F]
[11] (LdrShutdownProcess+0x14b) [0x00007FF85416806B]
[12] (RtlExitUserProcess+0xb4) [0x00007FF854167D94]
[13] (ExitProcess+0xa) [0x00007FF8516ECE6A]
[14] (exit+0x85) [0x00007FF85265A4A5]
[15] (initterm_e+0x231) [0x00007FF85265AB01]
[16]  [0x00000000004014CD]
[17]  [0x000000000040151B]
[18] (BaseThreadInitThunk+0x14) [0x00007FF8516D8364]
[19] (RtlUserThreadStart+0x21) [0x00007FF8541C70D1]
Done
