Copyright 1986-2017 Xilinx, Inc. All Rights Reserved.
--------------------------------------------------------------------------------------
| Tool Version : Vivado v.2017.1 (win64) Build 1846317 Fri Apr 14 18:55:03 MDT 2017
| Date         : Thu Oct 19 09:12:42 2017
| Host         : weiyx-PC running 64-bit major release  (build 9200)
| Command      : report_control_sets -verbose -file CPU_A_top_control_sets_placed.rpt
| Design       : CPU_A_top
| Device       : xc7a35t
--------------------------------------------------------------------------------------

Control Set Information

Table of Contents
-----------------
1. Summary
2. Flip-Flop Distribution
3. Detailed Control Set Information

1. Summary
----------

+----------------------------------------------------------+-------+
|                          Status                          | Count |
+----------------------------------------------------------+-------+
| Number of unique control sets                            |   283 |
| Unused register locations in slices containing registers |    46 |
+----------------------------------------------------------+-------+


2. Flip-Flop Distribution
-------------------------

+--------------+-----------------------+------------------------+-----------------+--------------+
| Clock Enable | Synchronous Set/Reset | Asynchronous Set/Reset | Total Registers | Total Slices |
+--------------+-----------------------+------------------------+-----------------+--------------+
| No           | No                    | No                     |             125 |           62 |
| No           | No                    | Yes                    |              17 |           10 |
| No           | Yes                   | No                     |              96 |           24 |
| Yes          | No                    | No                     |            2008 |          775 |
| Yes          | No                    | Yes                    |              76 |           46 |
| Yes          | Yes                   | No                     |               0 |            0 |
+--------------+-----------------------+------------------------+-----------------+--------------+


3. Detailed Control Set Information
-----------------------------------

+----------------------------------------------------------------------+-----------------------------------------------+--------------------------------------+------------------+----------------+
|                             Clock Signal                             |                 Enable Signal                 |           Set/Reset Signal           | Slice Load Count | Bel Load Count |
+----------------------------------------------------------------------+-----------------------------------------------+--------------------------------------+------------------+----------------+
|  myDivider/CLK                                                       |                                               |                                      |                2 |              2 |
|  myKey_scan_top/myKeyboard_/FSM_sequential_next_state_reg[2]_i_2_n_0 |                                               |                                      |                1 |              3 |
|  CLK_IBUF_BUFG                                                       |                                               |                                      |                2 |              3 |
|  myKey_scan_top/myKeyboard_/val_reg[3]_i_2_n_0                       |                                               |                                      |                1 |              4 |
|  myKey_scan_top/myKeyboardRead/next_state_reg[3]_i_2_n_0             |                                               |                                      |                2 |              4 |
|  CLK_keyboard_BUFG                                                   | myKey_scan_top/myKeyboardRead/DSTH[3]_i_1_n_0 | RESET_IBUF                           |                2 |              4 |
|  CLK_keyboard_BUFG                                                   | myKey_scan_top/myKeyboardRead/current_state   | RESET_IBUF                           |                2 |              4 |
|  CLK_keyboard_BUFG                                                   | myKey_scan_top/myKeyboardRead/SRCH[3]         | RESET_IBUF                           |                1 |              4 |
|  CLK_keyboard_BUFG                                                   |                                               |                                      |                4 |              7 |
|  myALU/R_reg[0][7]_1[0]                                              |                                               |                                      |                3 |              8 |
|  myALU/R_reg[0][7]_2[0]                                              |                                               |                                      |                3 |              8 |
|  myALU/R_reg[0][7]_3[0]                                              |                                               |                                      |                4 |              8 |
|  myALU/data_inh_reg[7]_0[0]                                          |                                               |                                      |                4 |              8 |
|  myALU/data_inl_reg[7][0]                                            |                                               |                                      |                2 |              8 |
|  myALU/data_inl_reg[7]_0[0]                                          |                                               |                                      |                4 |              8 |
|  CLK_CPU_BUFG                                                        | myALU/data_inh0                               |                                      |                5 |              8 |
|  CLK_CPU_BUFG                                                        | myALU/data_inl_reg[0]                         |                                      |                3 |              8 |
|  CLK_CPU_BUFG                                                        | myPC/R_reg[3][7]_0[0]                         | RESET_IBUF                           |                4 |              8 |
|  CLK_CPU_BUFG                                                        | myPC/E[0]                                     | RESET_IBUF                           |                5 |              8 |
|  CLK_CPU_BUFG                                                        | myPC/R_reg[1][0][0]                           | RESET_IBUF                           |                6 |              8 |
|  CLK_CPU_BUFG                                                        | myPC/R_reg[2][7][0]                           | RESET_IBUF                           |                6 |              8 |
| ~CLK_CPU_BUFG                                                        | myALU/unit_reg[177][7][0]                     |                                      |                5 |              8 |
| ~CLK_CPU_BUFG                                                        | myALU/unit_reg[17][7][0]                      |                                      |                1 |              8 |
| ~CLK_CPU_BUFG                                                        | myALU/unit_reg[180][7][0]                     |                                      |                4 |              8 |
| ~CLK_CPU_BUFG                                                        | myALU/unit_reg[181][7][0]                     |                                      |                1 |              8 |
| ~CLK_CPU_BUFG                                                        | myALU/unit_reg[182][7][0]                     |                                      |                2 |              8 |
| ~CLK_CPU_BUFG                                                        | myALU/unit_reg[183][7][0]                     |                                      |                3 |              8 |
| ~CLK_CPU_BUFG                                                        | myALU/unit_reg[184][7][0]                     |                                      |                3 |              8 |
| ~CLK_CPU_BUFG                                                        | myALU/unit_reg[185][7][0]                     |                                      |                4 |              8 |
| ~CLK_CPU_BUFG                                                        | myALU/unit_reg[186][7][0]                     |                                      |                3 |              8 |
| ~CLK_CPU_BUFG                                                        | myALU/unit_reg[187][7][0]                     |                                      |                3 |              8 |
| ~CLK_CPU_BUFG                                                        | myALU/unit_reg[188][7][0]                     |                                      |                4 |              8 |
| ~CLK_CPU_BUFG                                                        | myALU/unit_reg[189][7][0]                     |                                      |                5 |              8 |
| ~CLK_CPU_BUFG                                                        | myALU/unit_reg[18][0][0]                      |                                      |                3 |              8 |
| ~CLK_CPU_BUFG                                                        | myALU/unit_reg[190][7][0]                     |                                      |                7 |              8 |
| ~CLK_CPU_BUFG                                                        | myALU/unit_reg[191][7][0]                     |                                      |                6 |              8 |
| ~CLK_CPU_BUFG                                                        | myALU/unit_reg[192][7][0]                     |                                      |                2 |              8 |
| ~CLK_CPU_BUFG                                                        | myALU/unit_reg[193][7][0]                     |                                      |                5 |              8 |
| ~CLK_CPU_BUFG                                                        | myALU/unit_reg[194][7][0]                     |                                      |                3 |              8 |
| ~CLK_CPU_BUFG                                                        | myALU/unit_reg[195][7][0]                     |                                      |                2 |              8 |
| ~CLK_CPU_BUFG                                                        | myALU/unit_reg[196][7][0]                     |                                      |                2 |              8 |
| ~CLK_CPU_BUFG                                                        | myALU/unit_reg[197][7][0]                     |                                      |                5 |              8 |
| ~CLK_CPU_BUFG                                                        | myALU/unit_reg[198][0][0]                     |                                      |                3 |              8 |
| ~CLK_CPU_BUFG                                                        | myALU/unit_reg[199][7][0]                     |                                      |                4 |              8 |
| ~CLK_CPU_BUFG                                                        | myALU/unit_reg[19][7][0]                      |                                      |                4 |              8 |
| ~CLK_CPU_BUFG                                                        | myALU/unit_reg[200][7][0]                     |                                      |                7 |              8 |
| ~CLK_CPU_BUFG                                                        | myALU/unit_reg[201][7][0]                     |                                      |                6 |              8 |
| ~CLK_CPU_BUFG                                                        | myALU/unit_reg[202][0][0]                     |                                      |                2 |              8 |
| ~CLK_CPU_BUFG                                                        | myALU/unit_reg[203][7][0]                     |                                      |                1 |              8 |
| ~CLK_CPU_BUFG                                                        | myALU/unit_reg[204][7][0]                     |                                      |                4 |              8 |
| ~CLK_CPU_BUFG                                                        | myALU/unit_reg[205][7][0]                     |                                      |                5 |              8 |
| ~CLK_CPU_BUFG                                                        | myALU/unit_reg[206][0][0]                     |                                      |                5 |              8 |
| ~CLK_CPU_BUFG                                                        | myALU/unit_reg[207][7][0]                     |                                      |                4 |              8 |
| ~CLK_CPU_BUFG                                                        | myALU/unit_reg[208][7][0]                     |                                      |                3 |              8 |
| ~CLK_CPU_BUFG                                                        | myALU/unit_reg[209][7][0]                     |                                      |                2 |              8 |
| ~CLK_CPU_BUFG                                                        | myALU/unit_reg[20][0][0]                      |                                      |                2 |              8 |
| ~CLK_CPU_BUFG                                                        | myALU/unit_reg[210][7][0]                     |                                      |                3 |              8 |
| ~CLK_CPU_BUFG                                                        | myALU/unit_reg[211][7][0]                     |                                      |                4 |              8 |
| ~CLK_CPU_BUFG                                                        | myALU/unit_reg[212][7][0]                     |                                      |                2 |              8 |
| ~CLK_CPU_BUFG                                                        | myALU/unit_reg[213][7][0]                     |                                      |                2 |              8 |
| ~CLK_CPU_BUFG                                                        | myALU/unit_reg[214][7][0]                     |                                      |                2 |              8 |
| ~CLK_CPU_BUFG                                                        | myALU/unit_reg[215][7][0]                     |                                      |                2 |              8 |
| ~CLK_CPU_BUFG                                                        | myALU/unit_reg[216][7][0]                     |                                      |                5 |              8 |
| ~CLK_CPU_BUFG                                                        | myALU/unit_reg[217][7][0]                     |                                      |                1 |              8 |
| ~CLK_CPU_BUFG                                                        | myALU/unit_reg[218][7][0]                     |                                      |                2 |              8 |
| ~CLK_CPU_BUFG                                                        | myALU/unit_reg[219][7][0]                     |                                      |                3 |              8 |
| ~CLK_CPU_BUFG                                                        | myALU/unit_reg[21][0][0]                      |                                      |                1 |              8 |
| ~CLK_CPU_BUFG                                                        | myALU/unit_reg[220][7][0]                     |                                      |                4 |              8 |
| ~CLK_CPU_BUFG                                                        | myALU/unit_reg[221][7][0]                     |                                      |                6 |              8 |
| ~CLK_CPU_BUFG                                                        | myALU/unit_reg[222][7][0]                     |                                      |                6 |              8 |
| ~CLK_CPU_BUFG                                                        | myALU/unit_reg[223][7][0]                     |                                      |                7 |              8 |
| ~CLK_CPU_BUFG                                                        | myALU/unit_reg[224][7][0]                     |                                      |                2 |              8 |
| ~CLK_CPU_BUFG                                                        | myALU/unit_reg[225][7][0]                     |                                      |                1 |              8 |
| ~CLK_CPU_BUFG                                                        | myALU/unit_reg[226][0][0]                     |                                      |                2 |              8 |
| ~CLK_CPU_BUFG                                                        | myALU/unit_reg[227][7][0]                     |                                      |                1 |              8 |
| ~CLK_CPU_BUFG                                                        | myALU/unit_reg[228][7][0]                     |                                      |                1 |              8 |
| ~CLK_CPU_BUFG                                                        | myALU/unit_reg[229][7][0]                     |                                      |                2 |              8 |
| ~CLK_CPU_BUFG                                                        | myALU/unit_reg[22][0][0]                      |                                      |                2 |              8 |
| ~CLK_CPU_BUFG                                                        | myALU/unit_reg[230][7][0]                     |                                      |                7 |              8 |
| ~CLK_CPU_BUFG                                                        | myALU/unit_reg[231][7][0]                     |                                      |                4 |              8 |
| ~CLK_CPU_BUFG                                                        | myALU/unit_reg[232][7][0]                     |                                      |                2 |              8 |
| ~CLK_CPU_BUFG                                                        | myALU/unit_reg[233][7][0]                     |                                      |                1 |              8 |
| ~CLK_CPU_BUFG                                                        | myALU/unit_reg[234][7][0]                     |                                      |                1 |              8 |
| ~CLK_CPU_BUFG                                                        | myALU/unit_reg[235][0][0]                     |                                      |                2 |              8 |
| ~CLK_CPU_BUFG                                                        | myALU/unit_reg[236][7][0]                     |                                      |                2 |              8 |
| ~CLK_CPU_BUFG                                                        | myALU/unit_reg[237][7][0]                     |                                      |                6 |              8 |
| ~CLK_CPU_BUFG                                                        | myALU/unit_reg[238][7][0]                     |                                      |                6 |              8 |
| ~CLK_CPU_BUFG                                                        | myALU/unit_reg[239][7][0]                     |                                      |                2 |              8 |
| ~CLK_CPU_BUFG                                                        | myALU/unit_reg[23][7][0]                      |                                      |                2 |              8 |
| ~CLK_CPU_BUFG                                                        | myALU/unit_reg[240][7][0]                     |                                      |                2 |              8 |
| ~CLK_CPU_BUFG                                                        | myALU/unit_reg[241][7][0]                     |                                      |                1 |              8 |
| ~CLK_CPU_BUFG                                                        | myALU/unit_reg[242][7][0]                     |                                      |                1 |              8 |
| ~CLK_CPU_BUFG                                                        | myALU/unit_reg[243][7][0]                     |                                      |                1 |              8 |
| ~CLK_CPU_BUFG                                                        | myALU/unit_reg[244][7][0]                     |                                      |                6 |              8 |
| ~CLK_CPU_BUFG                                                        | myALU/unit_reg[245][7][0]                     |                                      |                4 |              8 |
| ~CLK_CPU_BUFG                                                        | myALU/unit_reg[246][7][0]                     |                                      |                4 |              8 |
| ~CLK_CPU_BUFG                                                        | myALU/unit_reg[247][7][0]                     |                                      |                5 |              8 |
| ~CLK_CPU_BUFG                                                        | myALU/unit_reg[248][7][0]                     |                                      |                2 |              8 |
| ~CLK_CPU_BUFG                                                        | myALU/unit_reg[249][7][0]                     |                                      |                2 |              8 |
| ~CLK_CPU_BUFG                                                        | myALU/unit_reg[24][7][0]                      |                                      |                3 |              8 |
| ~CLK_CPU_BUFG                                                        | myALU/unit_reg[250][7][0]                     |                                      |                1 |              8 |
| ~CLK_CPU_BUFG                                                        | myALU/unit_reg[251][7][0]                     |                                      |                2 |              8 |
| ~CLK_CPU_BUFG                                                        | myALU/unit_reg[252][7][0]                     |                                      |                1 |              8 |
| ~CLK_CPU_BUFG                                                        | myALU/unit_reg[253][7][0]                     |                                      |                2 |              8 |
| ~CLK_CPU_BUFG                                                        | myALU/unit_reg[254][7][0]                     |                                      |                5 |              8 |
| ~CLK_CPU_BUFG                                                        | myALU/unit_reg[255][7][0]                     |                                      |                6 |              8 |
| ~CLK_CPU_BUFG                                                        | myALU/unit_reg[25][7][0]                      |                                      |                4 |              8 |
| ~CLK_CPU_BUFG                                                        | myALU/unit_reg[26][7][0]                      |                                      |                3 |              8 |
| ~CLK_CPU_BUFG                                                        | myALU/unit_reg[27][7][0]                      |                                      |                2 |              8 |
| ~CLK_CPU_BUFG                                                        | myALU/unit_reg[28][0][0]                      |                                      |                3 |              8 |
| ~CLK_CPU_BUFG                                                        | myALU/unit_reg[29][0][0]                      |                                      |                7 |              8 |
| ~CLK_CPU_BUFG                                                        | myALU/unit_reg[30][0][0]                      |                                      |                5 |              8 |
| ~CLK_CPU_BUFG                                                        | myALU/unit_reg[31][7][0]                      |                                      |                4 |              8 |
| ~CLK_CPU_BUFG                                                        | myALU/unit_reg[32][7][0]                      |                                      |                1 |              8 |
| ~CLK_CPU_BUFG                                                        | myALU/unit_reg[33][7][0]                      |                                      |                3 |              8 |
| ~CLK_CPU_BUFG                                                        | myALU/unit_reg[34][7][0]                      |                                      |                1 |              8 |
| ~CLK_CPU_BUFG                                                        | myALU/unit_reg[35][7][0]                      |                                      |                1 |              8 |
| ~CLK_CPU_BUFG                                                        | myALU/unit_reg[36][7][0]                      |                                      |                2 |              8 |
| ~CLK_CPU_BUFG                                                        | myALU/unit_reg[37][7][0]                      |                                      |                3 |              8 |
| ~CLK_CPU_BUFG                                                        | myALU/unit_reg[38][7][0]                      |                                      |                1 |              8 |
| ~CLK_CPU_BUFG                                                        | myALU/unit_reg[39][7][0]                      |                                      |                4 |              8 |
| ~CLK_CPU_BUFG                                                        | myALU/unit_reg[40][0][0]                      |                                      |                3 |              8 |
| ~CLK_CPU_BUFG                                                        | myALU/unit_reg[41][7]_0[0]                    |                                      |                4 |              8 |
| ~CLK_CPU_BUFG                                                        | myALU/unit_reg[42][7]_0[0]                    |                                      |                5 |              8 |
| ~CLK_CPU_BUFG                                                        | myALU/unit_reg[43][7][0]                      |                                      |                2 |              8 |
| ~CLK_CPU_BUFG                                                        | myALU/unit_reg[44][7][0]                      |                                      |                4 |              8 |
| ~CLK_CPU_BUFG                                                        | myALU/unit_reg[45][7][0]                      |                                      |                3 |              8 |
| ~CLK_CPU_BUFG                                                        | myALU/unit_reg[46][7][0]                      |                                      |                3 |              8 |
| ~CLK_CPU_BUFG                                                        | myALU/unit_reg[47][0][0]                      |                                      |                7 |              8 |
| ~CLK_CPU_BUFG                                                        | myALU/unit_reg[48][7][0]                      |                                      |                1 |              8 |
| ~CLK_CPU_BUFG                                                        | myALU/unit_reg[49][7][0]                      |                                      |                4 |              8 |
| ~CLK_CPU_BUFG                                                        | myALU/unit_reg[50][7][0]                      |                                      |                5 |              8 |
| ~CLK_CPU_BUFG                                                        | myALU/unit_reg[51][7][0]                      |                                      |                2 |              8 |
| ~CLK_CPU_BUFG                                                        | myALU/unit_reg[52][7][0]                      |                                      |                2 |              8 |
| ~CLK_CPU_BUFG                                                        | myALU/unit_reg[53][7][0]                      |                                      |                3 |              8 |
| ~CLK_CPU_BUFG                                                        | myALU/unit_reg[54][7][0]                      |                                      |                2 |              8 |
| ~CLK_CPU_BUFG                                                        | myALU/unit_reg[55][7][0]                      |                                      |                2 |              8 |
| ~CLK_CPU_BUFG                                                        | myALU/unit_reg[56][7][0]                      |                                      |                3 |              8 |
| ~CLK_CPU_BUFG                                                        | myALU/unit_reg[57][0][0]                      |                                      |                3 |              8 |
| ~CLK_CPU_BUFG                                                        | myALU/unit_reg[58][0][0]                      |                                      |                2 |              8 |
| ~CLK_CPU_BUFG                                                        | myALU/unit_reg[59][0][0]                      |                                      |                3 |              8 |
| ~CLK_CPU_BUFG                                                        | myALU/unit_reg[60][7][0]                      |                                      |                5 |              8 |
| ~CLK_CPU_BUFG                                                        | myALU/unit_reg[61][0][0]                      |                                      |                3 |              8 |
| ~CLK_CPU_BUFG                                                        | myALU/unit_reg[62][0][0]                      |                                      |                5 |              8 |
| ~CLK_CPU_BUFG                                                        | myALU/unit_reg[63][7][0]                      |                                      |                7 |              8 |
| ~CLK_CPU_BUFG                                                        | myALU/unit_reg[64][7][0]                      |                                      |                4 |              8 |
| ~CLK_CPU_BUFG                                                        | myALU/unit_reg[65][0][0]                      |                                      |                5 |              8 |
| ~CLK_CPU_BUFG                                                        | myALU/unit_reg[66][0][0]                      |                                      |                3 |              8 |
| ~CLK_CPU_BUFG                                                        | myALU/unit_reg[67][7][0]                      |                                      |                1 |              8 |
| ~CLK_CPU_BUFG                                                        | myALU/unit_reg[68][7][0]                      |                                      |                1 |              8 |
| ~CLK_CPU_BUFG                                                        | myALU/unit_reg[69][7][0]                      |                                      |                3 |              8 |
| ~CLK_CPU_BUFG                                                        | myALU/unit_reg[70][0][0]                      |                                      |                2 |              8 |
| ~CLK_CPU_BUFG                                                        | myALU/unit_reg[71][7][0]                      |                                      |                4 |              8 |
| ~CLK_CPU_BUFG                                                        | myALU/unit_reg[72][7][0]                      |                                      |                2 |              8 |
| ~CLK_CPU_BUFG                                                        | myALU/unit_reg[73][7][0]                      |                                      |                1 |              8 |
| ~CLK_CPU_BUFG                                                        | myALU/unit_reg[74][0][0]                      |                                      |                2 |              8 |
| ~CLK_CPU_BUFG                                                        | myALU/unit_reg[75][0][0]                      |                                      |                3 |              8 |
| ~CLK_CPU_BUFG                                                        | myALU/unit_reg[76][7][0]                      |                                      |                3 |              8 |
| ~CLK_CPU_BUFG                                                        | myALU/unit_reg[77][7][0]                      |                                      |                3 |              8 |
| ~CLK_CPU_BUFG                                                        | myALU/unit_reg[78][0][0]                      |                                      |                3 |              8 |
| ~CLK_CPU_BUFG                                                        | myALU/unit_reg[79][7][0]                      |                                      |                7 |              8 |
| ~CLK_CPU_BUFG                                                        | myALU/unit_reg[80][7][0]                      |                                      |                3 |              8 |
| ~CLK_CPU_BUFG                                                        | myALU/unit_reg[81][7][0]                      |                                      |                2 |              8 |
| ~CLK_CPU_BUFG                                                        | myALU/unit_reg[82][7][0]                      |                                      |                2 |              8 |
| ~CLK_CPU_BUFG                                                        | myALU/q_reg[0]_1[0]                           | RESET_IBUF                           |                8 |              8 |
| ~CLK_CPU_BUFG                                                        | myALU/unit_reg[100][7][0]                     |                                      |                1 |              8 |
| ~CLK_CPU_BUFG                                                        | myALU/unit_reg[101][0][0]                     |                                      |                2 |              8 |
| ~CLK_CPU_BUFG                                                        | myALU/unit_reg[102][0][0]                     |                                      |                3 |              8 |
| ~CLK_CPU_BUFG                                                        | myALU/unit_reg[103][7][0]                     |                                      |                1 |              8 |
| ~CLK_CPU_BUFG                                                        | myALU/unit_reg[104][7][0]                     |                                      |                6 |              8 |
| ~CLK_CPU_BUFG                                                        | myALU/unit_reg[105][7][0]                     |                                      |                3 |              8 |
| ~CLK_CPU_BUFG                                                        | myALU/unit_reg[106][7][0]                     |                                      |                3 |              8 |
| ~CLK_CPU_BUFG                                                        | myALU/unit_reg[107][0][0]                     |                                      |                1 |              8 |
| ~CLK_CPU_BUFG                                                        | myALU/unit_reg[108][7][0]                     |                                      |                4 |              8 |
| ~CLK_CPU_BUFG                                                        | myALU/unit_reg[109][7][0]                     |                                      |                1 |              8 |
| ~CLK_CPU_BUFG                                                        | myALU/unit_reg[10][0][0]                      |                                      |                1 |              8 |
| ~CLK_CPU_BUFG                                                        | myALU/unit_reg[110][7][0]                     |                                      |                2 |              8 |
| ~CLK_CPU_BUFG                                                        | myALU/unit_reg[111][7][0]                     |                                      |                5 |              8 |
| ~CLK_CPU_BUFG                                                        | myALU/unit_reg[112][7][0]                     |                                      |                2 |              8 |
| ~CLK_CPU_BUFG                                                        | myALU/unit_reg[113][0][0]                     |                                      |                1 |              8 |
| ~CLK_CPU_BUFG                                                        | myALU/unit_reg[114][7][0]                     |                                      |                3 |              8 |
| ~CLK_CPU_BUFG                                                        | myALU/unit_reg[115][0][0]                     |                                      |                2 |              8 |
| ~CLK_CPU_BUFG                                                        | myALU/unit_reg[116][7][0]                     |                                      |                4 |              8 |
| ~CLK_CPU_BUFG                                                        | myALU/unit_reg[117][0][0]                     |                                      |                1 |              8 |
| ~CLK_CPU_BUFG                                                        | myALU/unit_reg[118][0][0]                     |                                      |                1 |              8 |
| ~CLK_CPU_BUFG                                                        | myALU/unit_reg[119][7][0]                     |                                      |                3 |              8 |
| ~CLK_CPU_BUFG                                                        | myALU/unit_reg[11][0][0]                      |                                      |                2 |              8 |
| ~CLK_CPU_BUFG                                                        | myALU/unit_reg[120][7][0]                     |                                      |                1 |              8 |
| ~CLK_CPU_BUFG                                                        | myALU/unit_reg[121][0]_1[0]                   |                                      |                1 |              8 |
| ~CLK_CPU_BUFG                                                        | myALU/unit_reg[122][0][0]                     |                                      |                3 |              8 |
| ~CLK_CPU_BUFG                                                        | myALU/unit_reg[123][7][0]                     |                                      |                1 |              8 |
| ~CLK_CPU_BUFG                                                        | myALU/unit_reg[124][7][0]                     |                                      |                1 |              8 |
| ~CLK_CPU_BUFG                                                        | myALU/unit_reg[125][0][0]                     |                                      |                3 |              8 |
| ~CLK_CPU_BUFG                                                        | myALU/unit_reg[126][7][0]                     |                                      |                6 |              8 |
| ~CLK_CPU_BUFG                                                        | myALU/unit_reg[127][0]_0[0]                   |                                      |                6 |              8 |
| ~CLK_CPU_BUFG                                                        | myALU/unit_reg[128][7][0]                     |                                      |                2 |              8 |
| ~CLK_CPU_BUFG                                                        | myALU/unit_reg[129][7][0]                     |                                      |                1 |              8 |
| ~CLK_CPU_BUFG                                                        | myALU/unit_reg[12][7][0]                      |                                      |                4 |              8 |
| ~CLK_CPU_BUFG                                                        | myALU/unit_reg[130][7][0]                     |                                      |                2 |              8 |
| ~CLK_CPU_BUFG                                                        | myALU/unit_reg[131][0][0]                     |                                      |                1 |              8 |
| ~CLK_CPU_BUFG                                                        | myALU/unit_reg[132][7][0]                     |                                      |                3 |              8 |
| ~CLK_CPU_BUFG                                                        | myALU/unit_reg[133][7][0]                     |                                      |                4 |              8 |
| ~CLK_CPU_BUFG                                                        | myALU/unit_reg[134][7][0]                     |                                      |                2 |              8 |
| ~CLK_CPU_BUFG                                                        | myALU/unit_reg[135][7][0]                     |                                      |                2 |              8 |
| ~CLK_CPU_BUFG                                                        | myALU/unit_reg[136][7][0]                     |                                      |                4 |              8 |
| ~CLK_CPU_BUFG                                                        | myALU/unit_reg[137][7][0]                     |                                      |                1 |              8 |
| ~CLK_CPU_BUFG                                                        | myALU/unit_reg[138][7][0]                     |                                      |                5 |              8 |
| ~CLK_CPU_BUFG                                                        | myALU/unit_reg[139][7][0]                     |                                      |                3 |              8 |
| ~CLK_CPU_BUFG                                                        | myALU/unit_reg[13][7][0]                      |                                      |                1 |              8 |
| ~CLK_CPU_BUFG                                                        | myALU/unit_reg[140][7][0]                     |                                      |                4 |              8 |
| ~CLK_CPU_BUFG                                                        | myALU/unit_reg[141][7][0]                     |                                      |                6 |              8 |
| ~CLK_CPU_BUFG                                                        | myALU/unit_reg[142][7][0]                     |                                      |                2 |              8 |
| ~CLK_CPU_BUFG                                                        | myALU/unit_reg[143][7][0]                     |                                      |                8 |              8 |
| ~CLK_CPU_BUFG                                                        | myALU/unit_reg[144][7][0]                     |                                      |                1 |              8 |
| ~CLK_CPU_BUFG                                                        | myALU/unit_reg[145][7][0]                     |                                      |                2 |              8 |
| ~CLK_CPU_BUFG                                                        | myALU/unit_reg[146][7][0]                     |                                      |                1 |              8 |
| ~CLK_CPU_BUFG                                                        | myALU/unit_reg[147][7][0]                     |                                      |                4 |              8 |
| ~CLK_CPU_BUFG                                                        | myALU/unit_reg[148][7][0]                     |                                      |                2 |              8 |
| ~CLK_CPU_BUFG                                                        | myALU/unit_reg[149][7][0]                     |                                      |                1 |              8 |
| ~CLK_CPU_BUFG                                                        | myALU/unit_reg[14][0][0]                      |                                      |                3 |              8 |
| ~CLK_CPU_BUFG                                                        | myALU/unit_reg[150][7][0]                     |                                      |                2 |              8 |
| ~CLK_CPU_BUFG                                                        | myALU/unit_reg[151][7][0]                     |                                      |                1 |              8 |
| ~CLK_CPU_BUFG                                                        | myALU/unit_reg[152][7][0]                     |                                      |                2 |              8 |
| ~CLK_CPU_BUFG                                                        | myALU/unit_reg[153][7][0]                     |                                      |                4 |              8 |
| ~CLK_CPU_BUFG                                                        | myALU/unit_reg[154][7][0]                     |                                      |                2 |              8 |
| ~CLK_CPU_BUFG                                                        | myALU/unit_reg[155][7][0]                     |                                      |                1 |              8 |
| ~CLK_CPU_BUFG                                                        | myALU/unit_reg[156][7][0]                     |                                      |                6 |              8 |
| ~CLK_CPU_BUFG                                                        | myALU/unit_reg[157][7][0]                     |                                      |                4 |              8 |
| ~CLK_CPU_BUFG                                                        | myALU/unit_reg[158][7][0]                     |                                      |                6 |              8 |
| ~CLK_CPU_BUFG                                                        | myALU/unit_reg[159][7][0]                     |                                      |                4 |              8 |
| ~CLK_CPU_BUFG                                                        | myALU/unit_reg[15][0][0]                      |                                      |                5 |              8 |
| ~CLK_CPU_BUFG                                                        | myALU/unit_reg[160][7][0]                     |                                      |                2 |              8 |
| ~CLK_CPU_BUFG                                                        | myALU/unit_reg[161][7][0]                     |                                      |                2 |              8 |
| ~CLK_CPU_BUFG                                                        | myALU/unit_reg[162][7][0]                     |                                      |                1 |              8 |
| ~CLK_CPU_BUFG                                                        | myALU/unit_reg[163][7][0]                     |                                      |                2 |              8 |
| ~CLK_CPU_BUFG                                                        | myALU/unit_reg[164][7][0]                     |                                      |                2 |              8 |
| ~CLK_CPU_BUFG                                                        | myALU/unit_reg[165][7][0]                     |                                      |                1 |              8 |
| ~CLK_CPU_BUFG                                                        | myALU/unit_reg[166][7][0]                     |                                      |                4 |              8 |
| ~CLK_CPU_BUFG                                                        | myALU/unit_reg[167][7][0]                     |                                      |                3 |              8 |
| ~CLK_CPU_BUFG                                                        | myALU/unit_reg[168][7][0]                     |                                      |                3 |              8 |
| ~CLK_CPU_BUFG                                                        | myALU/unit_reg[169][7][0]                     |                                      |                3 |              8 |
| ~CLK_CPU_BUFG                                                        | myALU/unit_reg[16][0][0]                      |                                      |                1 |              8 |
| ~CLK_CPU_BUFG                                                        | myALU/unit_reg[170][7][0]                     |                                      |                5 |              8 |
| ~CLK_CPU_BUFG                                                        | myALU/unit_reg[171][7][0]                     |                                      |                6 |              8 |
| ~CLK_CPU_BUFG                                                        | myALU/unit_reg[172][7][0]                     |                                      |                5 |              8 |
| ~CLK_CPU_BUFG                                                        | myALU/unit_reg[173][7][0]                     |                                      |                3 |              8 |
| ~CLK_CPU_BUFG                                                        | myALU/unit_reg[174][7][0]                     |                                      |                4 |              8 |
| ~CLK_CPU_BUFG                                                        | myALU/unit_reg[175][7][0]                     |                                      |                4 |              8 |
| ~CLK_CPU_BUFG                                                        | myALU/unit_reg[176][7][0]                     |                                      |                1 |              8 |
| ~CLK_CPU_BUFG                                                        | myALU/unit_reg[178][7][0]                     |                                      |                2 |              8 |
| ~CLK_CPU_BUFG                                                        | myALU/unit_reg[179][7][0]                     |                                      |                2 |              8 |
| ~CLK_CPU_BUFG                                                        | myALU/unit_reg[83][7][0]                      |                                      |                4 |              8 |
| ~CLK_CPU_BUFG                                                        | myALU/unit_reg[84][7][0]                      |                                      |                3 |              8 |
| ~CLK_CPU_BUFG                                                        | myALU/unit_reg[85][7][0]                      |                                      |                4 |              8 |
| ~CLK_CPU_BUFG                                                        | myALU/unit_reg[86][7][0]                      |                                      |                2 |              8 |
| ~CLK_CPU_BUFG                                                        | myALU/unit_reg[88][7][0]                      |                                      |                6 |              8 |
| ~CLK_CPU_BUFG                                                        | myALU/unit_reg[89][0][0]                      |                                      |                3 |              8 |
| ~CLK_CPU_BUFG                                                        | myALU/unit_reg[8][0][0]                       |                                      |                4 |              8 |
| ~CLK_CPU_BUFG                                                        | myALU/unit_reg[90][7][0]                      |                                      |                4 |              8 |
| ~CLK_CPU_BUFG                                                        | myALU/unit_reg[91][7][0]                      |                                      |                8 |              8 |
| ~CLK_CPU_BUFG                                                        | myALU/unit_reg[92][7][0]                      |                                      |                6 |              8 |
| ~CLK_CPU_BUFG                                                        | myALU/unit_reg[93][0][0]                      |                                      |                6 |              8 |
| ~CLK_CPU_BUFG                                                        | myALU/unit_reg[94][0][0]                      |                                      |                3 |              8 |
| ~CLK_CPU_BUFG                                                        | myALU/unit_reg[97][0][0]                      |                                      |                3 |              8 |
| ~CLK_CPU_BUFG                                                        | myALU/unit_reg[87][7][0]                      |                                      |                1 |              8 |
| ~CLK_CPU_BUFG                                                        | myALU/unit_reg[95][7][0]                      |                                      |                5 |              8 |
| ~CLK_CPU_BUFG                                                        | myALU/unit_reg[96][7][0]                      |                                      |                2 |              8 |
| ~CLK_CPU_BUFG                                                        | myALU/unit_reg[98][7][0]                      |                                      |                7 |              8 |
| ~CLK_CPU_BUFG                                                        | myALU/unit_reg[99][0][0]                      |                                      |                6 |              8 |
| ~CLK_CPU_BUFG                                                        | myALU/unit_reg[9][0][0]                       |                                      |                2 |              8 |
|  CLK_keyboard_BUFG                                                   |                                               | RESET_IBUF                           |                4 |              8 |
|  myALU/E[0]                                                          |                                               |                                      |                4 |              8 |
|  CLK_keyboard_BUFG                                                   | myKey_scan_top/myKeyboardRead/DSTL[7]_i_1_n_0 | RESET_IBUF                           |                3 |              8 |
|  CLK_keyboard_BUFG                                                   | myKey_scan_top/myKeyboardRead/SRCL[7]_i_1_n_0 | RESET_IBUF                           |                6 |              8 |
|  myALU/data_inl_reg[7]_1[0]                                          |                                               |                                      |                4 |              8 |
|  myALU/R_reg[0][7][0]                                                |                                               |                                      |                8 |              8 |
|  CLK_keyboard_BUFG                                                   | myKey_scan_top/myKeyboard_/col_val[3]_i_1_n_0 |                                      |                2 |              8 |
|  CLK_keyboard_BUFG                                                   | myKey_scan_top/myKeyboard_/row[3]_i_1_n_0     | RESET_IBUF                           |                3 |              8 |
|  CLK_CPU_BUFG                                                        |                                               | RESET_IBUF                           |                6 |              9 |
|  myPC/Flagout_reg[0]_1_BUFG                                          |                                               |                                      |               14 |             30 |
|  CLK_IBUF_BUFG                                                       |                                               | myDivider/cnt_keyboard1_carry__2_n_6 |                8 |             32 |
|  CLK_IBUF_BUFG                                                       |                                               | myDivider/clear                      |                8 |             32 |
|  CLK_IBUF_BUFG                                                       |                                               | myDivider/cnt_CPU1_carry__2_n_4      |                8 |             32 |
+----------------------------------------------------------------------+-----------------------------------------------+--------------------------------------+------------------+----------------+


+--------+-----------------------+
| Fanout | Number of ControlSets |
+--------+-----------------------+
| 2      |                     1 |
| 3      |                     2 |
| 4      |                     5 |
| 7      |                     1 |
| 8      |                   269 |
| 9      |                     1 |
| 16+    |                     4 |
+--------+-----------------------+


