Unable to capture context for thread 8320 in process 3684, can not generate back trace
Unable to capture context for thread 8448 in process 3684, can not generate back trace
Exception at PC 0x00007FFD2D2FBB93
Printing stacktrace...

Unable to capture context for thread 8448 in process 3684, can not generate back trace
Exception at PC 0x00007FFD95C87788
Exception at PC 0x00007FFD95C87788
Exception at PC 0x00007FFD95C87788
Exception at PC 0x00007FFD95C87788
Exception at PC 0x00007FFD95C87788
Exception at PC 0x00007FFD95C87788
Exception at PC 0x00007FFD95C87788
Exception at PC 0x00007FFD95C87788
Exception at PC 0x00007FFD95C87788
Exception at PC 0x00007FFD95C87788
Exception at PC 0x00007FFD95C87788
Exception at PC 0x00007FFD95C87788
Exception at PC 0x00007FFD95C87788
Exception at PC 0x00007FFD95C87788
Exception at PC 0x00007FFD95C87788
Exception at PC 0x00007FFD95C87788
Exception at PC 0x00007FFD95C87788
[0]  [0x00007FFD2D2FBB93]
[1]  [0x00007FFD2D2FBB93]
[2]  [0x00007FFD2D2FB4A1]
[3]  [0x00007FFD2D2FB3EF]
[4]  [0x00007FFD2D2E19FE]
[5]  [0x00007FFD2D2E0ED1]
[6]  [0x00007FFD2D2E0D76]
[7]  [0x00007FFD2D2879F6]
[8]  [0x00007FFD2D277AFB]
[9]  [0x00007FFD2D39E90A]
[10]  [0x00007FFD2D3B9F87]
[11]  [0x00007FFD2D3BA05F]
[12] (BaseThreadInitThunk+0x14) [0x00007FFD96CA8364]
[13] (RtlUserThreadStart+0x21) [0x00007FFD996370D1]
Done
Exception at PC 0x00007FFD95C87788
Exception at PC 0x00007FFD2D001A52
Attemped to write at address 0x00007FFD62639BA4
Printing stacktrace...

[0]  [0x00007FFD2D001A52]
[1]  [0x00007FFD2D001A52]
[2]  [0x00007FFD2D001AD4]
[3]  [0x00007FFD2D143FF7]
[4]  [0x00007FFD2D029128]
[5]  [0x00007FFD2D2DDFB9]
[6]  [0x00007FFD2D4AEF23]
[7]  [0x00007FFD2D3BB06B]
[8]  [0x00007FFD2D3B08AF]
[9]  [0x00007FFD2D3B0A32]
[10] (RtlDeactivateActivationContextUnsafeFast+0x1bf) [0x00007FFD995FA35F]
[11] (LdrShutdownProcess+0x14b) [0x00007FFD995D806B]
[12] (RtlExitUserProcess+0xb4) [0x00007FFD995D7D94]
[13] (ExitProcess+0xa) [0x00007FFD96CBCE6A]
[14] (exit+0x85) [0x00007FFD97CCA4A5]
[15] (initterm_e+0x231) [0x00007FFD97CCAB01]
[16]  [0x00000000004014CD]
[17]  [0x000000000040151B]
[18] (BaseThreadInitThunk+0x14) [0x00007FFD96CA8364]
[19] (RtlUserThreadStart+0x21) [0x00007FFD996370D1]
Done
