Unable to capture context for thread 11488 in process 9048, can not generate back trace
Unable to capture context for thread 11468 in process 9048, can not generate back trace
Unable to capture context for thread 5212 in process 9048, can not generate back trace
Exception at PC 0x00007FF9C6E4BB93
Printing stacktrace...

Exception at PC 0x00007FFA2F457788
Exception at PC 0x00007FFA2F457788
Exception at PC 0x00007FFA2F457788
Exception at PC 0x00007FFA2F457788
Exception at PC 0x00007FFA2F457788
Exception at PC 0x00007FFA2F457788
Exception at PC 0x00007FFA2F457788
Exception at PC 0x00007FFA2F457788
Exception at PC 0x00007FFA2F457788
Exception at PC 0x00007FFA2F457788
Exception at PC 0x00007FFA2F457788
Exception at PC 0x00007FFA2F457788
Exception at PC 0x00007FFA2F457788
Exception at PC 0x00007FFA2F457788
Exception at PC 0x00007FFA2F457788
Exception at PC 0x00007FFA2F457788
[0]  [0x00007FF9C6E4BB93]
[1]  [0x00007FF9C6E4BB93]
[2]  [0x00007FF9C6E4B4A1]
[3]  [0x00007FF9C6E4B3EF]
[4]  [0x00007FF9C6E319FE]
[5]  [0x00007FF9C6E30ED1]
[6]  [0x00007FF9C6E30D76]
[7]  [0x00007FF9C6DD79F6]
[8]  [0x00007FF9C6DC7AFB]
[9]  [0x00007FF9C6EEE90A]
[10]  [0x00007FF9C6F09F87]
[11]  [0x00007FF9C6F0A05F]
[12] (BaseThreadInitThunk+0x14) [0x00007FFA2F6D8364]
[13] (RtlUserThreadStart+0x21) [0x00007FFA321570D1]
Done
Exception at PC 0x00007FFA2F457788
Exception at PC 0x00007FFA2F457788
Exception at PC 0x00007FF9C6B51A52
Attemped to write at address 0x00007FFA02079BA4
Printing stacktrace...

[0]  [0x00007FF9C6B51A52]
[1]  [0x00007FF9C6B51A52]
[2]  [0x00007FF9C6B51AD4]
[3]  [0x00007FF9C6C93FF7]
[4]  [0x00007FF9C6B79128]
[5]  [0x00007FF9C6E2DFB9]
[6]  [0x00007FF9C6FFEF23]
[7]  [0x00007FF9C6F0B06B]
[8]  [0x00007FF9C6F008AF]
[9]  [0x00007FF9C6F00A32]
[10] (RtlDeactivateActivationContextUnsafeFast+0x1bf) [0x00007FFA3211A35F]
[11] (LdrShutdownProcess+0x14b) [0x00007FFA320F806B]
[12] (RtlExitUserProcess+0xb4) [0x00007FFA320F7D94]
[13] (ExitProcess+0xa) [0x00007FFA2F6ECE6A]
[14] (exit+0x85) [0x00007FFA2F9DA4A5]
[15] (initterm_e+0x231) [0x00007FFA2F9DAB01]
[16]  [0x00000000004014CD]
[17]  [0x000000000040151B]
[18] (BaseThreadInitThunk+0x14) [0x00007FFA2F6D8364]
[19] (RtlUserThreadStart+0x21) [0x00007FFA321570D1]
Done
