Unable to capture context for thread 12312 in process 7348, can not generate back trace
Unable to capture context for thread 11516 in process 7348, can not generate back trace
Exception at PC 0x00007FF87E02BB93
Printing stacktrace...

Exception at PC 0x00007FF8EA007788
Exception at PC 0x00007FF8EA007788
Exception at PC 0x00007FF8EA007788
Exception at PC 0x00007FF8EA007788
Exception at PC 0x00007FF8EA007788
Exception at PC 0x00007FF8EA007788
Exception at PC 0x00007FF8EA007788
Exception at PC 0x00007FF8EA007788
Exception at PC 0x00007FF8EA007788
Exception at PC 0x00007FF8EA007788
Exception at PC 0x00007FF8EA007788
Exception at PC 0x00007FF8EA007788
Exception at PC 0x00007FF8EA007788
Exception at PC 0x00007FF8EA007788
[0]  [0x00007FF87E02BB93]
[1]  [0x00007FF87E02BB93]
[2]  [0x00007FF87E02B4A1]
[3]  [0x00007FF87E02B3EF]
[4]  [0x00007FF87E0119FE]
[5]  [0x00007FF87E010ED1]
[6]  [0x00007FF87E010D76]
[7]  [0x00007FF87DFB79F6]
[8]  [0x00007FF87DFA7AFB]
[9]  [0x00007FF87E0CE90A]
[10]  [0x00007FF87E0E9F87]
[11]  [0x00007FF87E0EA05F]
[12] (BaseThreadInitThunk+0x14) [0x00007FF8EAA78364]
[13] (RtlUserThreadStart+0x21) [0x00007FF8ED4970D1]
Done
Exception at PC 0x00007FF8EA007788
Exception at PC 0x00007FF8EA007788
Exception at PC 0x00007FF8EA007788
Exception at PC 0x00007FF8EA007788
Exception at PC 0x00007FF87DD31A52
Attemped to write at address 0x00007FF8B3B99BA4
Printing stacktrace...

[0]  [0x00007FF87DD31A52]
[1]  [0x00007FF87DD31A52]
[2]  [0x00007FF87DD31AD4]
[3]  [0x00007FF87DE73FF7]
[4]  [0x00007FF87DD59128]
[5]  [0x00007FF87E00DFB9]
[6]  [0x00007FF87E1DEF23]
[7]  [0x00007FF87E0EB06B]
[8]  [0x00007FF87E0E08AF]
[9]  [0x00007FF87E0E0A32]
[10] (RtlDeactivateActivationContextUnsafeFast+0x1bf) [0x00007FF8ED45A35F]
[11] (LdrShutdownProcess+0x14b) [0x00007FF8ED43806B]
[12] (RtlExitUserProcess+0xb4) [0x00007FF8ED437D94]
[13] (ExitProcess+0xa) [0x00007FF8EAA8CE6A]
[14] (exit+0x85) [0x00007FF8EC8FA4A5]
[15] (initterm_e+0x231) [0x00007FF8EC8FAB01]
[16]  [0x00000000004014CD]
[17]  [0x000000000040151B]
[18] (BaseThreadInitThunk+0x14) [0x00007FF8EAA78364]
[19] (RtlUserThreadStart+0x21) [0x00007FF8ED4970D1]
Done
