Unable to capture context for thread 3716 in process 8396, can not generate back trace
Unable to capture context for thread 8656 in process 8396, can not generate back trace
Exception at PC 0x00007FFD58ACBB93
Printing stacktrace...

Unable to capture context for thread 8656 in process 8396, can not generate back trace
Exception at PC 0x00007FFD95C87788
Exception at PC 0x00007FFD95C87788
Exception at PC 0x00007FFD95C87788
Exception at PC 0x00007FFD95C87788
Exception at PC 0x00007FFD95C87788
Exception at PC 0x00007FFD95C87788
Exception at PC 0x00007FFD95C87788
Exception at PC 0x00007FFD95C87788
Exception at PC 0x00007FFD95C87788
Exception at PC 0x00007FFD95C87788
Exception at PC 0x00007FFD95C87788
Exception at PC 0x00007FFD95C87788
Exception at PC 0x00007FFD95C87788
Exception at PC 0x00007FFD95C87788
Exception at PC 0x00007FFD95C87788
Exception at PC 0x00007FFD95C87788
[0]  [0x00007FFD58ACBB93]
[1]  [0x00007FFD58ACBB93]
[2]  [0x00007FFD58ACB4A1]
[3]  [0x00007FFD58ACB3EF]
[4]  [0x00007FFD58AB19FE]
[5]  [0x00007FFD58AB0ED1]
[6]  [0x00007FFD58AB0D76]
[7]  [0x00007FFD58A579F6]
[8]  [0x00007FFD58A47AFB]
[9]  [0x00007FFD58B6E90A]
[10]  [0x00007FFD58B89F87]
[11]  [0x00007FFD58B8A05F]
[12] (BaseThreadInitThunk+0x14) [0x00007FFD96CA8364]
[13] (RtlUserThreadStart+0x21) [0x00007FFD996370D1]
Done
Exception at PC 0x00007FFD95C87788
Exception at PC 0x00007FFD95C87788
Exception at PC 0x00007FFD587D1A52
Attemped to write at address 0x00007FFD63249BA4
Printing stacktrace...

[0]  [0x00007FFD587D1A52]
[1]  [0x00007FFD587D1A52]
[2]  [0x00007FFD587D1AD4]
[3]  [0x00007FFD58913FF7]
[4]  [0x00007FFD587F9128]
[5]  [0x00007FFD58AADFB9]
[6]  [0x00007FFD58C7EF23]
[7]  [0x00007FFD58B8B06B]
[8]  [0x00007FFD58B808AF]
[9]  [0x00007FFD58B80A32]
[10] (RtlDeactivateActivationContextUnsafeFast+0x1bf) [0x00007FFD995FA35F]
[11] (LdrShutdownProcess+0x14b) [0x00007FFD995D806B]
[12] (RtlExitUserProcess+0xb4) [0x00007FFD995D7D94]
[13] (ExitProcess+0xa) [0x00007FFD96CBCE6A]
[14] (exit+0x85) [0x00007FFD97CCA4A5]
[15] (initterm_e+0x231) [0x00007FFD97CCAB01]
[16]  [0x00000000004014CD]
[17]  [0x000000000040151B]
[18] (BaseThreadInitThunk+0x14) [0x00007FFD96CA8364]
[19] (RtlUserThreadStart+0x21) [0x00007FFD996370D1]
Done
