Unable to capture context for thread 4644 in process 7856, can not generate back trace
Unable to capture context for thread 4644 in process 7856, can not generate back trace
Exception at PC 0x00007FFC961C7788
Exception at PC 0x00007FFC2EF2BB93
Printing stacktrace...

Exception at PC 0x00007FFC961C7788
Exception at PC 0x00007FFC961C7788
Exception at PC 0x00007FFC961C7788
Exception at PC 0x00007FFC961C7788
Exception at PC 0x00007FFC961C7788
Exception at PC 0x00007FFC961C7788
Exception at PC 0x00007FFC961C7788
Exception at PC 0x00007FFC961C7788
Exception at PC 0x00007FFC961C7788
Exception at PC 0x00007FFC961C7788
Exception at PC 0x00007FFC961C7788
Exception at PC 0x00007FFC961C7788
Exception at PC 0x00007FFC961C7788
Exception at PC 0x00007FFC961C7788
Exception at PC 0x00007FFC961C7788
Exception at PC 0x00007FFC961C7788
[0]  [0x00007FFC2EF2BB93]
[1]  [0x00007FFC2EF2BB93]
[2]  [0x00007FFC2EF2B4A1]
[3]  [0x00007FFC2EF2B3EF]
[4]  [0x00007FFC2EF119FE]
[5]  [0x00007FFC2EF10ED1]
[6]  [0x00007FFC2EF10D76]
[7]  [0x00007FFC2EEB79F6]
[8]  [0x00007FFC2EEA7AFB]
[9]  [0x00007FFC2EFCE90A]
[10]  [0x00007FFC2EFE9F87]
[11]  [0x00007FFC2EFEA05F]
[12] (BaseThreadInitThunk+0x14) [0x00007FFC966F8364]
[13] (RtlUserThreadStart+0x21) [0x00007FFC990370D1]
Done
Exception at PC 0x00007FFC961C7788
Exception at PC 0x00007FFC2EC31A52
Attemped to write at address 0x00007FFC6F1B9BA4
Printing stacktrace...

[0]  [0x00007FFC2EC31A52]
[1]  [0x00007FFC2EC31A52]
[2]  [0x00007FFC2EC31AD4]
[3]  [0x00007FFC2ED73FF7]
[4]  [0x00007FFC2EC59128]
[5]  [0x00007FFC2EF0DFB9]
[6]  [0x00007FFC2F0DEF23]
[7]  [0x00007FFC2EFEB06B]
[8]  [0x00007FFC2EFE08AF]
[9]  [0x00007FFC2EFE0A32]
[10] (RtlDeactivateActivationContextUnsafeFast+0x1bf) [0x00007FFC98FFA35F]
[11] (LdrShutdownProcess+0x14b) [0x00007FFC98FD806B]
[12] (RtlExitUserProcess+0xb4) [0x00007FFC98FD7D94]
[13] (ExitProcess+0xa) [0x00007FFC9670CE6A]
[14] (exit+0x85) [0x00007FFC9688A4A5]
[15] (initterm_e+0x231) [0x00007FFC9688AB01]
[16]  [0x00000000004014CD]
[17]  [0x000000000040151B]
[18] (BaseThreadInitThunk+0x14) [0x00007FFC966F8364]
[19] (RtlUserThreadStart+0x21) [0x00007FFC990370D1]
Done
