Exception at PC 0x00007FF850837788
Unable to capture context for thread 10088 in process 7096, can not generate back trace
Unable to capture context for thread 5344 in process 7096, can not generate back trace
Exception at PC 0x00007FF850837788
Unable to capture context for thread 10088 in process 7096, can not generate back trace
Unable to capture context for thread 5344 in process 7096, can not generate back trace
Exception at PC 0x00007FFFE6D8BB93
Printing stacktrace...

Exception at PC 0x00007FF850837788
Exception at PC 0x00007FF850837788
Exception at PC 0x00007FF850837788
Exception at PC 0x00007FF850837788
Exception at PC 0x00007FF850837788
Exception at PC 0x00007FF850837788
Exception at PC 0x00007FF850837788
Exception at PC 0x00007FF850837788
Exception at PC 0x00007FF850837788
Exception at PC 0x00007FF850837788
Exception at PC 0x00007FF850837788
Exception at PC 0x00007FF850837788
Exception at PC 0x00007FF850837788
Exception at PC 0x00007FF850837788
Exception at PC 0x00007FF850837788
[0]  [0x00007FFFE6D8BB93]
[1]  [0x00007FFFE6D8BB93]
[2]  [0x00007FFFE6D8B4A1]
[3]  [0x00007FFFE6D8B3EF]
[4]  [0x00007FFFE6D719FE]
[5]  [0x00007FFFE6D70ED1]
[6]  [0x00007FFFE6D70D76]
[7]  [0x00007FFFE6D179F6]
[8]  [0x00007FFFE6D07AFB]
[9]  [0x00007FFFE6E2E90A]
[10]  [0x00007FFFE6E49F87]
[11]  [0x00007FFFE6E4A05F]
[12] (BaseThreadInitThunk+0x14) [0x00007FF8516D8364]
[13] (RtlUserThreadStart+0x21) [0x00007FF8541C70D1]
Done
Exception at PC 0x00007FF850837788
Exception at PC 0x00007FFFE6A91A52
Attemped to write at address 0x00007FF822F89BA4
Printing stacktrace...

[0]  [0x00007FFFE6A91A52]
[1]  [0x00007FFFE6A91A52]
[2]  [0x00007FFFE6A91AD4]
[3]  [0x00007FFFE6BD3FF7]
[4]  [0x00007FFFE6AB9128]
[5]  [0x00007FFFE6D6DFB9]
[6]  [0x00007FFFE6F3EF23]
[7]  [0x00007FFFE6E4B06B]
[8]  [0x00007FFFE6E408AF]
[9]  [0x00007FFFE6E40A32]
[10] (RtlDeactivateActivationContextUnsafeFast+0x1bf) [0x00007FF85418A35F]
[11] (LdrShutdownProcess+0x14b) [0x00007FF85416806B]
[12] (RtlExitUserProcess+0xb4) [0x00007FF854167D94]
[13] (ExitProcess+0xa) [0x00007FF8516ECE6A]
[14] (exit+0x85) [0x00007FF85265A4A5]
[15] (initterm_e+0x231) [0x00007FF85265AB01]
[16]  [0x00000000004014CD]
[17]  [0x000000000040151B]
[18] (BaseThreadInitThunk+0x14) [0x00007FF8516D8364]
[19] (RtlUserThreadStart+0x21) [0x00007FF8541C70D1]
Done
