Vivado Simulator 2017.1
Copyright 1986-1999, 2001-2016 Xilinx, Inc. All Rights Reserved.
Running: D:/Vivado2017/Vivado/2017.1/bin/unwrapped/win64.o/xelab.exe -wto b757a567a4b847f3a25e92e10798a600 --debug typical --relax --mt 2 -L blk_mem_gen_v8_3_6 -L xil_defaultlib -L xlconstant_v1_1_3 -L unisims_ver -L unimacro_ver -L secureip -L xpm --snapshot ROM_tb_behav xil_defaultlib.ROM_tb xil_defaultlib.glbl -log elaborate.log 
Using 2 slave threads.
Starting static elaboration
WARNING: [VRFC 10-1783] select index 30 into current_contents is out of bounds [/wrk/2017.1/nightly/2017_04_14_1846317/packages/customer/vivado/data/ip/xilinx/blk_mem_gen_v8_3/simulation/blk_mem_gen_v8_3.v:2419]
WARNING: [VRFC 10-1783] select index 62 into current_contents is out of bounds [/wrk/2017.1/nightly/2017_04_14_1846317/packages/customer/vivado/data/ip/xilinx/blk_mem_gen_v8_3/simulation/blk_mem_gen_v8_3.v:2420]
Completed static elaboration
Starting simulation data flow analysis
Completed simulation data flow analysis
Time Resolution for simulation is 1ps
Compiling module blk_mem_gen_v8_3_6.blk_mem_gen_v8_3_6_output_stage(...
Compiling module blk_mem_gen_v8_3_6.blk_mem_gen_v8_3_6_output_stage(...
Compiling module blk_mem_gen_v8_3_6.blk_mem_gen_v8_3_6_softecc_outpu...
Compiling module blk_mem_gen_v8_3_6.blk_mem_gen_v8_3_6_mem_module(C_...
Compiling module blk_mem_gen_v8_3_6.blk_mem_gen_v8_3_6(C_FAMILY="art...
Compiling module xil_defaultlib.ROM_blk_mem_gen_0_0
Compiling module xlconstant_v1_1_3.xlconstant_v1_1_3_xlconstant(CON...
Compiling module xil_defaultlib.ROM_xlconstant_0_0
Compiling module xil_defaultlib.ROM
Compiling module xil_defaultlib.ROM_wrapper
Compiling module xil_defaultlib.ROM_tb
Compiling module xil_defaultlib.glbl
Built simulation snapshot ROM_tb_behav
