Unable to capture context for thread 13024 in process 5916, can not generate back trace
Exception at PC 0x00007FFAC74ABB93
Printing stacktrace...

Unable to capture context for thread 6636 in process 5916, can not generate back trace
Unable to capture context for thread 8916 in process 5916, can not generate back trace
Exception at PC 0x00007FFAF5977788
Exception at PC 0x00007FFAF5977788
Exception at PC 0x00007FFAF5977788
Exception at PC 0x00007FFAF5977788
Exception at PC 0x00007FFAF5977788
Exception at PC 0x00007FFAF5977788
Exception at PC 0x00007FFAF5977788
Exception at PC 0x00007FFAF5977788
Exception at PC 0x00007FFAF5977788
Exception at PC 0x00007FFAF5977788
Exception at PC 0x00007FFAF5977788
Exception at PC 0x00007FFAF5977788
Exception at PC 0x00007FFAF5977788
Exception at PC 0x00007FFAF5977788
Exception at PC 0x00007FFAF5977788
[0]  [0x00007FFAC74ABB93]
[1]  [0x00007FFAC74ABB93]
[2]  [0x00007FFAC74AB4A1]
[3]  [0x00007FFAC74AB3EF]
[4]  [0x00007FFAC74919FE]
[5]  [0x00007FFAC7490ED1]
[6]  [0x00007FFAC7490D76]
[7]  [0x00007FFAC74379F6]
[8]  [0x00007FFAC7427AFB]
[9]  [0x00007FFAC754E90A]
[10]  [0x00007FFAC7569F87]
[11]  [0x00007FFAC756A05F]
[12] (BaseThreadInitThunk+0x14) [0x00007FFAF6408364]
[13] (RtlUserThreadStart+0x21) [0x00007FFAF8E570D1]
Done
Exception at PC 0x00007FFAF5977788
Exception at PC 0x00007FFAF5977788
Exception at PC 0x00007FFAF5977788
Exception at PC 0x00007FFAC71B1A52
Attemped to write at address 0x00007FFAC7ED9BA4
Printing stacktrace...

[0]  [0x00007FFAC71B1A52]
[1]  [0x00007FFAC71B1A52]
[2]  [0x00007FFAC71B1AD4]
[3]  [0x00007FFAC72F3FF7]
[4]  [0x00007FFAC71D9128]
[5]  [0x00007FFAC748DFB9]
[6]  [0x00007FFAC765EF23]
[7]  [0x00007FFAC756B06B]
[8]  [0x00007FFAC75608AF]
[9]  [0x00007FFAC7560A32]
[10] (RtlDeactivateActivationContextUnsafeFast+0x1bf) [0x00007FFAF8E1A35F]
[11] (LdrShutdownProcess+0x14b) [0x00007FFAF8DF806B]
[12] (RtlExitUserProcess+0xb4) [0x00007FFAF8DF7D94]
[13] (ExitProcess+0xa) [0x00007FFAF641CE6A]
[14] (exit+0x85) [0x00007FFAF639A4A5]
[15] (initterm_e+0x231) [0x00007FFAF639AB01]
[16]  [0x00000000004014CD]
[17]  [0x000000000040151B]
[18] (BaseThreadInitThunk+0x14) [0x00007FFAF6408364]
[19] (RtlUserThreadStart+0x21) [0x00007FFAF8E570D1]
Done
