Unable to capture context for thread 9096 in process 10740, can not generate back trace
Unable to capture context for thread 11196 in process 10740, can not generate back trace
Unable to capture context for thread 3604 in process 10740, can not generate back trace
Unable to capture context for thread 10772 in process 10740, can not generate back trace
Unable to capture context for thread 3552 in process 10740, can not generate back trace
Unable to capture context for thread 11588 in process 10740, can not generate back trace
Unable to capture context for thread 11756 in process 10740, can not generate back trace
Unable to capture context for thread 4416 in process 10740, can not generate back trace
Unable to capture context for thread 13276 in process 10740, can not generate back trace
Exception at PC 0x00007FFA88347788
Unable to capture context for thread 6296 in process 10740, can not generate back trace
Unable to capture context for thread 3000 in process 10740, can not generate back trace
Unable to capture context for thread 4964 in process 10740, can not generate back trace
Exception at PC 0x00007FFA88347788
Unable to capture context for thread 6296 in process 10740, can not generate back trace
Unable to capture context for thread 4964 in process 10740, can not generate back trace
Exception at PC 0x00007FFA19C9BB93
Printing stacktrace...

Exception at PC 0x00007FFA88347788
Exception at PC 0x00007FFA88347788
Exception at PC 0x00007FFA88347788
Exception at PC 0x00007FFA88347788
Exception at PC 0x00007FFA88347788
Exception at PC 0x00007FFA88347788
Exception at PC 0x00007FFA88347788
Exception at PC 0x00007FFA88347788
Exception at PC 0x00007FFA88347788
Exception at PC 0x00007FFA88347788
Exception at PC 0x00007FFA88347788
Exception at PC 0x00007FFA88347788
Exception at PC 0x00007FFA88347788
Exception at PC 0x00007FFA88347788
Exception at PC 0x00007FFA88347788
[0]  [0x00007FFA19C9BB93]
[1]  [0x00007FFA19C9BB93]
[2]  [0x00007FFA19C9B4A1]
[3]  [0x00007FFA19C9B3EF]
[4]  [0x00007FFA19C819FE]
[5]  [0x00007FFA19C80ED1]
[6]  [0x00007FFA19C80D76]
[7]  [0x00007FFA19C279F6]
[8]  [0x00007FFA19C17AFB]
[9]  [0x00007FFA19D3E90A]
[10]  [0x00007FFA19D59F87]
[11]  [0x00007FFA19D5A05F]
[12] (BaseThreadInitThunk+0x14) [0x00007FFA8A7F8364]
[13] (RtlUserThreadStart+0x21) [0x00007FFA8B2C70D1]
Done
Exception at PC 0x00007FFA88347788
Exception at PC 0x00007FFA199A1A52
Attemped to write at address 0x00007FFA5CFA9BA4
Printing stacktrace...

[0]  [0x00007FFA199A1A52]
[1]  [0x00007FFA199A1A52]
[2]  [0x00007FFA199A1AD4]
[3]  [0x00007FFA19AE3FF7]
[4]  [0x00007FFA199C9128]
[5]  [0x00007FFA19C7DFB9]
[6]  [0x00007FFA19E4EF23]
[7]  [0x00007FFA19D5B06B]
[8]  [0x00007FFA19D508AF]
[9]  [0x00007FFA19D50A32]
[10] (RtlDeactivateActivationContextUnsafeFast+0x1bf) [0x00007FFA8B28A35F]
[11] (LdrShutdownProcess+0x14b) [0x00007FFA8B26806B]
[12] (RtlExitUserProcess+0xb4) [0x00007FFA8B267D94]
[13] (ExitProcess+0xa) [0x00007FFA8A80CE6A]
[14] (exit+0x85) [0x00007FFA8879A4A5]
[15] (initterm_e+0x231) [0x00007FFA8879AB01]
[16]  [0x00000000004014CD]
[17]  [0x000000000040151B]
[18] (BaseThreadInitThunk+0x14) [0x00007FFA8A7F8364]
[19] (RtlUserThreadStart+0x21) [0x00007FFA8B2C70D1]
Done
