Unable to capture context for thread 1028 in process 104, can not generate back trace
Unable to capture context for thread 5988 in process 104, can not generate back trace
Unable to capture context for thread 1448 in process 104, can not generate back trace
Exception at PC 0x00007FFD4F39BB93
Printing stacktrace...

Unable to capture context for thread 1448 in process 104, can not generate back trace
Exception at PC 0x00007FFD8D9B9E08
Exception at PC 0x00007FFD8D9B9E08
Exception at PC 0x00007FFD8D9B9E08
Exception at PC 0x00007FFD8D9B9E08
Exception at PC 0x00007FFD8D9B9E08
Exception at PC 0x00007FFD8D9B9E08
Exception at PC 0x00007FFD8D9B9E08
Exception at PC 0x00007FFD8D9B9E08
Exception at PC 0x00007FFD8D9B9E08
Exception at PC 0x00007FFD8D9B9E08
Exception at PC 0x00007FFD8D9B9E08
Exception at PC 0x00007FFD8D9B9E08
Exception at PC 0x00007FFD8D9B9E08
Exception at PC 0x00007FFD8D9B9E08
Exception at PC 0x00007FFD8D9B9E08
Exception at PC 0x00007FFD8D9B9E08
Exception at PC 0x00007FFD8D9B9E08
Exception at PC 0x00007FFD8D9B9E08
Exception at PC 0x00007FFD8D9B9E08
[0]  [0x00007FFD4F39BB93]
[1]  [0x00007FFD4F39BB93]
[2]  [0x00007FFD4F39B4A1]
[3]  [0x00007FFD4F39B3EF]
[4]  [0x00007FFD4F3819FE]
[5]  [0x00007FFD4F380ED1]
[6]  [0x00007FFD4F380D76]
[7]  [0x00007FFD4F3279F6]
[8]  [0x00007FFD4F317AFB]
[9]  [0x00007FFD4F43E90A]
[10]  [0x00007FFD4F459F87]
[11]  [0x00007FFD4F45A05F]
[12] (BaseThreadInitThunk+0x14) [0x00007FFD90792774]
[13] (RtlUserThreadStart+0x21) [0x00007FFD90EE0D61]
Done
Exception at PC 0x00007FFD4F0A1A52
Attemped to write at address 0x00007FFD4D899BA4
Printing stacktrace...

[0]  [0x00007FFD4F0A1A52]
[1]  [0x00007FFD4F0A1A52]
[2]  [0x00007FFD4F0A1AD4]
[3]  [0x00007FFD4F1E3FF7]
[4]  [0x00007FFD4F0C9128]
[5]  [0x00007FFD4F37DFB9]
[6]  [0x00007FFD4F54EF23]
[7]  [0x00007FFD4F45B06B]
[8]  [0x00007FFD4F4508AF]
[9]  [0x00007FFD4F450A32]
[10] (RtlDeactivateActivationContextUnsafeFast+0x1af) [0x00007FFD90E9486F]
[11] (LdrShutdownProcess+0x12c) [0x00007FFD90EBD44C]
[12] (RtlExitUserProcess+0xb4) [0x00007FFD90EBD304]
[13] (FatalExit+0xa) [0x00007FFD9079C0DA]
[14] (exit+0x75) [0x00007FFD8FFCA045]
[15] (initterm_e+0x21d) [0x00007FFD8FFCA68D]
[16]  [0x00000000004014CD]
[17]  [0x000000000040151B]
[18] (BaseThreadInitThunk+0x14) [0x00007FFD90792774]
[19] (RtlUserThreadStart+0x21) [0x00007FFD90EE0D61]
Done
